-------------------------------------------------------------------------------
Test set: com.ontariotechu.sofe3980U.BinaryAPIControllerTest
-------------------------------------------------------------------------------
Tests run: 8, Failures: 1, Errors: 0, Skipped: 0, Time elapsed: 0.831 s <<< FAILURE! - in com.ontariotechu.sofe3980U.BinaryAPIControllerTest
addJson(com.ontariotechu.sofe3980U.BinaryAPIControllerTest)  Time elapsed: 0.1 s  <<< FAILURE!
java.lang.AssertionError: JSON path "$.operand1" expected:<6> but was:<110>
	at com.ontariotechu.sofe3980U.BinaryAPIControllerTest.addJson(BinaryAPIControllerTest.java:37)

